
Showing logs for build [32mcb-kubecd-environment-pr-246-4-r5wmw-1[0m stage [32mfrom-build-pack[0m and container [32mstep-credential-initializer-mhqf6[0m
{"level":"info","ts":1593226226.5127068,"logger":"fallback-logger","caller":"logging/config.go:69","msg":"Fetch GitHub commit ID from kodata failed: open /var/run/ko/refs/heads/0.8.0-ns-support: no such file or directory"}
{"level":"info","ts":1593226226.5134654,"logger":"fallback-logger","caller":"creds-init/main.go:40","msg":"Credentials initialized."}

Showing logs for build [32mcb-kubecd-environment-pr-246-4-r5wmw-1[0m stage [32mfrom-build-pack[0m and container [32mstep-working-dir-initializer-846m9[0m
{"level":"info","ts":1593226227.5221055,"logger":"fallback-logger","caller":"logging/config.go:69","msg":"Fetch GitHub commit ID from kodata failed: open /var/run/ko/HEAD: no such file or directory"}
{"level":"info","ts":1593226227.5238833,"logger":"fallback-logger","caller":"bash/main.go:64","msg":"Successfully executed command \"sh -c mkdir -p /workspace/source\"; output "}

Showing logs for build [32mcb-kubecd-environment-pr-246-4-r5wmw-1[0m stage [32mfrom-build-pack[0m and container [32mstep-place-tools[0m

Showing logs for build [32mcb-kubecd-environment-pr-246-4-r5wmw-1[0m stage [32mfrom-build-pack[0m and container [32mstep-git-source-cb-kubecd-environment-pr-246-4-r5wmw-h2mld[0m
{"level":"info","ts":1593226232.666766,"logger":"fallback-logger","caller":"logging/config.go:69","msg":"Fetch GitHub commit ID from kodata failed: open /var/run/ko/refs/heads/0.8.0-ns-support: no such file or directory"}
{"level":"info","ts":1593226233.7004366,"logger":"fallback-logger","caller":"git/git.go:103","msg":"Successfully cloned https://github.com/cb-kubecd/environment-pr-246-4-gke-upgrade-staging.git @ master in path /workspace/source"}

Showing logs for build [32mcb-kubecd-environment-pr-246-4-r5wmw-1[0m stage [32mfrom-build-pack[0m and container [32mstep-setup-builder-home[0m

Showing logs for build [32mcb-kubecd-environment-pr-246-4-r5wmw-1[0m stage [32mfrom-build-pack[0m and container [32mstep-git-merge[0m
Using SHAs from PULL_REFS=master:459d2be6eb7ced96751dd42445de333fd250b26d,1:6e85a2034533aaca47d0449fc6dcbc83f42eec7f
DEBUG: JX_LOG_LEVEL=error LC_ALL=C git fetch origin --unshallow 6e85a2034533aaca47d0449fc6dcbc83f42eec7f: 459d2be6eb7ced96751dd42445de333fd250b26d:
DEBUG: ran git fetch --unshallow origin 6e85a2034533aaca47d0449fc6dcbc83f42eec7f: 459d2be6eb7ced96751dd42445de333fd250b26d: in 
DEBUG: LC_ALL=C JX_LOG_LEVEL=error git branch
DEBUG: LC_ALL=C JX_LOG_LEVEL=error git checkout master
DEBUG: ran git checkout master in 
DEBUG: LC_ALL=C JX_LOG_LEVEL=error git reset --hard 459d2be6eb7ced96751dd42445de333fd250b26d
DEBUG: ran git reset --hard 459d2be6eb7ced96751dd42445de333fd250b26d in 
DEBUG: LC_ALL=C JX_LOG_LEVEL=error git clean -fd .
DEBUG: ran clean --force -d . in 
DEBUG: LC_ALL=C JX_LOG_LEVEL=error git merge 6e85a2034533aaca47d0449fc6dcbc83f42eec7f
DEBUG: ran git merge 6e85a2034533aaca47d0449fc6dcbc83f42eec7f in 
DEBUG: LC_ALL=C JX_LOG_LEVEL=error git log --format=%H%x1f%an%x1f%ae%x1f%cn%x1f%ce%x1f%s%n%b%x1e 459d2be6eb7ced96751dd42445de333fd250b26d..HEAD
Merged SHA 6e85a2034533aaca47d0449fc6dcbc83f42eec7f with commit message 'chore: Promote bdd-spring-1593225780 to version 0.0.1' into base branch master

Showing logs for build [32mcb-kubecd-environment-pr-246-4-r5wmw-1[0m stage [32mfrom-build-pack[0m and container [32mstep-build-helm-build[0m
WARNING: No $CHART_REPOSITORY defined so using the default value of: http://jenkins-x-chartmuseum:8080
Adding missing Helm repo: storage.googleapis.com https://storage.googleapis.com/chartmuseum.jenkins-x.io
WARNING: No secrets found on "helm/repos" due: reading the secret "helm/repos" from vault: no secret "helm/repos" not found in vault
Read credentials for https://storage.googleapis.com/chartmuseum.jenkins-x.io from vault helm/repos
Successfully added Helm repository storage.googleapis.com.
Adding missing Helm repo: jenkins-x-chartmuseum http://jenkins-x-chartmuseum:8080
WARNING: No secrets found on "helm/repos" due: reading the secret "helm/repos" from vault: no secret "helm/repos" not found in vault
Read credentials for http://jenkins-x-chartmuseum:8080 from vault helm/repos
Successfully added Helm repository jenkins-x-chartmuseum.
WARNING: No $CHART_REPOSITORY defined so using the default value of: http://jenkins-x-chartmuseum:8080
Adding missing Helm repo: chartmuseum.jenkins-x.io http://chartmuseum.jenkins-x.io
WARNING: No secrets found on "helm/repos" due: reading the secret "helm/repos" from vault: no secret "helm/repos" not found in vault
Read credentials for http://chartmuseum.jenkins-x.io from vault helm/repos
Successfully added Helm repository chartmuseum.jenkins-x.io.
